success 2020-1-1
success 2020-1-2
success 2020-1-3
success 2020-1-4
success 2020-1-5
success 2020-1-6
success 2020-1-7
success 2020-1-8
Traceback (most recent call last):
  File "raw_data_create.py", line 14, in <module>
    time.sleep(5)
KeyboardInterrupt
success 2020-1-1
success 2020-1-2
success 2020-1-3
success 2020-1-4
success 2020-1-5
success 2020-1-6
success 2020-1-7
success 2020-1-8
success 2020-1-9
success 2020-1-10
success 2020-1-11
success 2020-1-12
success 2020-1-13
success 2020-1-14
success 2020-1-15
success 2020-1-16
success 2020-1-17
success 2020-1-18
success 2020-1-19
success 2020-1-20
success 2020-1-21
success 2020-1-22
success 2020-1-23
success 2020-1-24
success 2020-1-25
success 2020-1-26
success 2020-1-27
success 2020-1-28
success 2020-1-29
success 2020-1-30
success 2020-1-31
success 2020-2-1
success 2020-2-2
success 2020-2-3
success 2020-2-4
success 2020-2-5
success 2020-2-6
success 2020-2-7
success 2020-2-8
success 2020-2-9
success 2020-2-10
success 2020-2-11
success 2020-2-12
success 2020-2-13
success 2020-2-14
success 2020-2-15
success 2020-2-16
success 2020-2-17
success 2020-2-18
success 2020-2-19
success 2020-2-20
success 2020-2-21
success 2020-2-22
success 2020-2-23
success 2020-2-24
success 2020-2-25
success 2020-2-26
success 2020-2-27
success 2020-2-28
success 2020-2-29
error
error
success 2020-3-1
success 2020-3-2
success 2020-3-3
success 2020-3-4
success 2020-3-5
success 2020-3-6
success 2020-3-7
success 2020-3-8
success 2020-3-9
success 2020-3-10
success 2020-3-11
success 2020-3-12
success 2020-3-13
success 2020-3-14
success 2020-3-15
success 2020-3-16
success 2020-3-17
success 2020-3-18
success 2020-3-19
success 2020-3-20
success 2020-3-21
success 2020-3-22
success 2020-3-23
success 2020-3-24
success 2020-3-25
success 2020-3-26
success 2020-3-27
success 2020-3-28
success 2020-3-29
success 2020-3-30
success 2020-3-31
success 2020-4-1
success 2020-4-2
success 2020-4-3
success 2020-4-4
success 2020-4-5
success 2020-4-6
success 2020-4-7
success 2020-4-8
success 2020-4-9
success 2020-4-10
success 2020-4-11
success 2020-4-12
success 2020-4-13
success 2020-4-14
success 2020-4-15
success 2020-4-16
success 2020-4-17
success 2020-4-18
success 2020-4-19
success 2020-4-20
success 2020-4-21
success 2020-4-22
success 2020-4-23
success 2020-4-24
success 2020-4-25
success 2020-4-26
success 2020-4-27
success 2020-4-28
success 2020-4-29
success 2020-4-30
error
success 2020-5-1
success 2020-5-2
success 2020-5-3
success 2020-5-4
success 2020-5-5
success 2020-5-6
success 2020-5-7
success 2020-5-8
success 2020-5-9
success 2020-5-10
success 2020-5-11
success 2020-5-12
success 2020-5-13
success 2020-5-14
success 2020-5-15
success 2020-5-16
success 2020-5-17
success 2020-5-18
success 2020-5-19
success 2020-5-20
success 2020-5-21
success 2020-5-22
success 2020-5-23
success 2020-5-24
success 2020-5-25
success 2020-5-26
success 2020-5-27
success 2020-5-28
success 2020-5-29
success 2020-5-30
success 2020-5-31
success 2020-6-1
success 2020-6-2
success 2020-6-3
success 2020-6-4
success 2020-6-5
success 2020-6-6
success 2020-6-7
success 2020-6-8
success 2020-6-9
success 2020-6-10
success 2020-6-11
success 2020-6-12
success 2020-6-13
success 2020-6-14
success 2020-6-15
success 2020-6-16
success 2020-6-17
success 2020-6-18
success 2020-6-19
success 2020-6-20
success 2020-6-21
success 2020-6-22
success 2020-6-23
success 2020-6-24
success 2020-6-25
success 2020-6-26
success 2020-6-27
success 2020-6-28
success 2020-6-29
success 2020-6-30
error
success 2020-7-1
success 2020-7-2
success 2020-7-3
success 2020-7-4
success 2020-7-5
success 2020-7-6
success 2020-7-7
success 2020-7-8
success 2020-7-9
success 2020-7-10
success 2020-7-11
success 2020-7-12
success 2020-7-13
success 2020-7-14
success 2020-7-15
success 2020-7-16
success 2020-7-17
success 2020-7-18
success 2020-7-19
success 2020-7-20
success 2020-7-21
success 2020-7-22
success 2020-7-23
success 2020-7-24
success 2020-7-25
success 2020-7-26
success 2020-7-27
success 2020-7-28
success 2020-7-29
success 2020-7-30
success 2020-7-31
success 2020-8-1
success 2020-8-2
success 2020-8-3
success 2020-8-4
success 2020-8-5
success 2020-8-6
success 2020-8-7
success 2020-8-8
success 2020-8-9
success 2020-8-10
success 2020-8-11
success 2020-8-12
success 2020-8-13
success 2020-8-14
success 2020-8-15
success 2020-8-16
success 2020-8-17
success 2020-8-18
success 2020-8-19
success 2020-8-20
success 2020-8-21
success 2020-8-22
success 2020-8-23
success 2020-8-24
success 2020-8-25
success 2020-8-26
success 2020-8-27
success 2020-8-28
success 2020-8-29
success 2020-8-30
success 2020-8-31
success 2020-9-1
success 2020-9-2
success 2020-9-3
success 2020-9-4
success 2020-9-5
success 2020-9-6
success 2020-9-7
success 2020-9-8
success 2020-9-9
success 2020-9-10
success 2020-9-11
success 2020-9-12
success 2020-9-13
success 2020-9-14
success 2020-9-15
success 2020-9-16
success 2020-9-17
success 2020-9-18
success 2020-9-19
success 2020-9-20
success 2020-9-21
success 2020-9-22
success 2020-9-23
success 2020-9-24
success 2020-9-25
success 2020-9-26
success 2020-9-27
success 2020-9-28
success 2020-9-29
success 2020-9-30
error
success 2020-10-1
success 2020-10-2
success 2020-10-3
success 2020-10-4
success 2020-10-5
success 2020-10-6
success 2020-10-7
success 2020-10-8
success 2020-10-9
success 2020-10-10
success 2020-10-11
success 2020-10-12
success 2020-10-13
success 2020-10-14
success 2020-10-15
success 2020-10-16
success 2020-10-17
success 2020-10-18
success 2020-10-19
success 2020-10-20
success 2020-10-21
success 2020-10-22
success 2020-10-23
success 2020-10-24
success 2020-10-25
success 2020-10-26
success 2020-10-27
success 2020-10-28
success 2020-10-29
success 2020-10-30
success 2020-10-31
success 2020-11-1
success 2020-11-2
success 2020-11-3
success 2020-11-4
success 2020-11-5
success 2020-11-6
success 2020-11-7
success 2020-11-8
success 2020-11-9
success 2020-11-10
success 2020-11-11
success 2020-11-12
success 2020-11-13
success 2020-11-14
success 2020-11-15
success 2020-11-16
success 2020-11-17
success 2020-11-18
success 2020-11-19
success 2020-11-20
success 2020-11-21
success 2020-1-1
success 2020-1-2
success 2020-1-3
success 2020-1-4
success 2020-1-5
success 2020-1-6
success 2020-1-7
success 2020-1-8
success 2020-1-9
success 2020-1-10
success 2020-1-11
success 2020-1-12
success 2020-1-13
success 2020-1-14
success 2020-1-15
success 2020-1-16
success 2020-1-17
success 2020-1-18
success 2020-1-19
success 2020-1-20
success 2020-1-21
success 2020-1-22
success 2020-1-23
success 2020-1-24
success 2020-1-25
success 2020-1-26
success 2020-1-27
success 2020-1-28
success 2020-1-29
success 2020-1-30
success 2020-2-1
success 2020-2-2
success 2020-2-3
success 2020-2-4
success 2020-2-5
success 2020-2-6
success 2020-2-7
success 2020-2-8
success 2020-2-9
success 2020-2-10
success 2020-2-11
success 2020-2-12
success 2020-2-13
success 2020-2-14
success 2020-2-15
success 2020-2-16
success 2020-2-17
success 2020-2-18
success 2020-2-19
success 2020-2-20
success 2020-2-21
success 2020-2-22
success 2020-2-23
success 2020-2-24
success 2020-2-25
success 2020-2-26
success 2020-2-27
success 2020-2-28
success 2020-2-29
error
success 2020-3-1
success 2020-3-2
success 2020-3-3
success 2020-3-4
success 2020-3-5
success 2020-3-6
success 2020-3-7
success 2020-3-8
success 2020-3-9
success 2020-3-10
success 2020-3-11
success 2020-3-12
success 2020-3-13
success 2020-3-14
success 2020-3-15
success 2020-3-16
success 2020-3-17
success 2020-3-18
success 2020-3-19
success 2020-3-20
success 2020-3-21
success 2020-3-22
success 2020-3-23
success 2020-3-24
success 2020-3-25
success 2020-3-26
success 2020-3-27
success 2020-3-28
success 2020-3-29
success 2020-3-30
success 2020-4-1
success 2020-4-2
success 2020-4-3
success 2020-4-4
success 2020-4-5
success 2020-4-6
success 2020-4-7
success 2020-4-8
success 2020-4-9
success 2020-4-10
success 2020-4-11
success 2020-4-12
success 2020-4-13
success 2020-4-14
success 2020-4-15
success 2020-4-16
success 2020-4-17
success 2020-4-18
success 2020-4-19
success 2020-4-20
success 2020-4-21
success 2020-4-22
success 2020-4-23
success 2020-4-24
success 2020-4-25
success 2020-4-26
success 2020-4-27
success 2020-4-28
success 2020-4-29
success 2020-4-30
success 2020-5-1
success 2020-5-2
success 2020-5-3
success 2020-5-4
success 2020-5-5
success 2020-5-6
success 2020-5-7
success 2020-5-8
success 2020-5-9
success 2020-5-10
success 2020-5-11
success 2020-5-12
success 2020-5-13
success 2020-5-14
success 2020-5-15
success 2020-5-16
success 2020-5-17
success 2020-5-18
success 2020-5-19
success 2020-5-20
success 2020-5-21
success 2020-5-22
success 2020-5-23
success 2020-5-24
success 2020-5-25
success 2020-5-26
success 2020-5-27
success 2020-5-28
success 2020-5-29
success 2020-5-30
success 2020-6-1
success 2020-6-2
success 2020-6-3
success 2020-6-4
success 2020-6-5
success 2020-6-6
success 2020-6-7
success 2020-6-8
success 2020-6-9
success 2020-6-10
success 2020-6-11
success 2020-6-12
success 2020-6-13
success 2020-6-14
success 2020-6-15
success 2020-6-16
success 2020-6-17
success 2020-6-18
success 2020-6-19
success 2020-6-20
success 2020-6-21
success 2020-6-22
success 2020-6-23
success 2020-6-24
success 2020-6-25
success 2020-6-26
success 2020-6-27
success 2020-6-28
success 2020-6-29
success 2020-6-30
success 2020-7-1
success 2020-7-2
success 2020-7-3
success 2020-7-4
success 2020-7-5
success 2020-7-6
success 2020-7-7
success 2020-7-8
success 2020-7-9
success 2020-7-10
success 2020-7-11
success 2020-7-12
success 2020-7-13
success 2020-7-14
success 2020-7-15
success 2020-7-16
success 2020-7-17
error
success 2020-7-19
success 2020-7-20
success 2020-7-21
success 2020-7-22
success 2020-7-23
success 2020-7-24
success 2020-7-25
success 2020-7-26
success 2020-7-27
success 2020-7-28
success 2020-7-29
success 2020-7-30
success 2020-8-1
success 2020-8-2
success 2020-8-3
success 2020-8-4
success 2020-8-5
success 2020-8-6
success 2020-8-7
success 2020-8-8
success 2020-8-9
success 2020-8-10
success 2020-8-11
success 2020-8-12
success 2020-8-13
success 2020-8-14
success 2020-8-15
success 2020-8-16
success 2020-8-17
success 2020-8-18
success 2020-8-19
success 2020-8-20
success 2020-8-21
success 2020-8-22
success 2020-8-23
success 2020-8-24
success 2020-8-25
success 2020-8-26
success 2020-8-27
success 2020-8-28
success 2020-8-29
success 2020-8-30
success 2020-9-1
success 2020-9-2
success 2020-9-3
success 2020-9-4
success 2020-9-5
success 2020-9-6
success 2020-9-7
success 2020-9-8
success 2020-9-9
success 2020-9-10
success 2020-9-11
success 2020-9-12
success 2020-9-13
success 2020-9-14
success 2020-9-15
success 2020-9-16
success 2020-9-17
success 2020-9-18
success 2020-9-19
success 2020-9-20
success 2020-9-21
success 2020-9-22
success 2020-9-23
success 2020-9-24
success 2020-9-25
success 2020-9-26
success 2020-9-27
success 2020-9-28
success 2020-9-29
success 2020-9-30
success 2020-10-1
success 2020-10-2
success 2020-10-3
success 2020-10-4
success 2020-10-5
success 2020-10-6
success 2020-10-7
success 2020-10-8
success 2020-10-9
success 2020-10-10
success 2020-10-11
success 2020-10-12
success 2020-10-13
success 2020-10-14
success 2020-10-15
success 2020-10-16
success 2020-10-17
success 2020-10-18
success 2020-10-19
success 2020-10-20
success 2020-10-21
success 2020-10-22
success 2020-10-23
success 2020-10-24
success 2020-10-25
success 2020-10-26
success 2020-10-27
success 2020-10-28
success 2020-10-29
success 2020-10-30
success 2020-11-1
success 2020-11-2
success 2020-11-3
success 2020-11-4
success 2020-11-5
success 2020-11-6
success 2020-11-7
success 2020-11-8
success 2020-11-9
success 2020-11-10
success 2020-11-11
success 2020-11-12
success 2020-11-13
success 2020-11-14
success 2020-11-15
success 2020-11-16
success 2020-11-17
success 2020-11-18
success 2020-11-19
success 2020-11-20
success 2020-11-21
success 2020-11-22
success 2020-11-23
success 2020-11-24
success 2020-11-25
success 2020-11-26
success 2020-11-27
success 2020-11-28
success 2020-11-29
success 2020-11-30
success 2021-1-1
success 2021-1-2
success 2021-1-3
success 2021-1-4
success 2021-1-5
success 2021-1-6
success 2021-1-7
success 2021-1-8
success 2021-1-9
success 2021-1-10
success 2021-1-11
success 2021-1-12
success 2021-1-13
success 2021-1-14
success 2021-1-15
success 2021-1-16
success 2021-1-17
success 2021-1-18
success 2021-1-19
success 2021-1-20
success 2021-1-21
success 2021-1-22
success 2021-1-23
success 2021-1-24
success 2021-1-25
success 2021-1-26
success 2021-1-27
success 2021-1-28
success 2021-1-29
success 2021-1-30
success 2021-2-1
success 2021-2-2
success 2021-2-3
success 2021-2-4
success 2021-2-5
success 2021-2-6
success 2021-2-7
success 2021-2-8
success 2021-2-9
success 2021-2-10
success 2021-2-11
success 2021-2-12
success 2021-2-13
success 2021-2-14
success 2021-2-15
success 2021-2-16
success 2021-2-17
success 2021-2-18
success 2021-2-19
success 2021-2-20
success 2021-2-21
success 2021-2-22
success 2021-2-23
success 2021-2-24
success 2021-2-25
success 2021-2-26
success 2021-2-27
success 2021-2-28
error
error
success 2021-3-1
success 2021-3-2
success 2021-3-3
success 2021-3-4
success 2021-3-5
success 2021-3-6
success 2021-3-7
success 2021-3-8
success 2021-3-9
success 2021-3-10
success 2021-3-11
success 2021-3-12
success 2021-3-13
success 2021-3-14
success 2021-3-15
success 2021-3-16
success 2021-3-17
success 2021-3-18
success 2021-3-19
success 2021-3-20
success 2021-3-21
success 2021-3-22
success 2021-3-23
success 2021-3-24
success 2021-3-25
success 2021-3-26
success 2021-3-27
success 2021-3-28
success 2021-3-29
success 2021-3-30
success 2021-4-1
success 2021-4-2
success 2021-4-3
success 2021-4-4
success 2021-4-5
success 2021-4-6
success 2021-4-7
success 2021-4-8
success 2021-4-9
success 2021-4-10
success 2021-4-11
success 2021-4-12
success 2021-4-13
success 2021-4-14
success 2021-4-15
success 2021-4-16
success 2021-4-17
success 2021-4-18
success 2021-4-19
success 2021-4-20
success 2021-4-21
success 2021-4-22
success 2021-4-23
success 2021-4-24
success 2021-4-25
success 2021-4-26
success 2021-4-27
success 2021-4-28
success 2021-4-29
success 2021-4-30
success 2021-5-1
success 2021-5-2
success 2021-5-3
success 2021-5-4
success 2021-5-5
success 2021-5-6
success 2021-5-7
success 2021-5-8
success 2021-5-9
success 2021-5-10
success 2021-5-11
success 2021-5-12
success 2021-5-13success 2020-11-22
success 2020-11-23
success 2020-11-24
success 2020-11-25
success 2020-11-26
success 2020-11-27
success 2020-11-28
success 2020-11-29
success 2020-11-30
error
success 2020-12-1
success 2020-12-2
success 2020-12-3
success 2020-12-4
success 2020-12-5
success 2020-12-6
success 2020-12-7
success 2020-12-8
success 2020-12-9
success 2020-12-10
success 2020-12-11
success 2020-12-12
success 2020-12-13
success 2020-12-14
success 2020-12-15
success 2020-12-16
success 2020-12-17
success 2020-12-18
success 2020-12-19
success 2020-12-20
success 2020-12-21
success 2020-12-22
success 2020-12-23
success 2020-12-24
success 2020-12-25
success 2020-12-26
success 2020-12-27
success 2020-12-28
success 2020-12-29
success 2020-12-30
success 2020-12-31
success 2021-1-1
success 2021-1-2
success 2021-1-3
success 2021-1-4
success 2021-1-5
success 2021-1-6
success 2021-1-7
success 2021-1-8
success 2021-1-9
success 2021-1-10
success 2021-1-11
success 2021-1-12
success 2021-1-13
success 2021-1-14
success 2021-1-15
success 2021-1-16
success 2021-1-17
success 2021-1-18
success 2021-1-19
success 2021-1-20
success 2021-1-21
success 2021-1-22
success 2021-1-23
success 2021-1-24
success 2021-1-25
success 2021-1-26
success 2021-1-27
success 2021-1-28
success 2021-1-29
success 2021-1-30
success 2021-1-31
success 2021-2-1
success 2021-2-2
success 2021-2-3
success 2021-2-4
success 2021-2-5
success 2021-2-6
success 2021-2-7
success 2021-2-8
success 2021-2-9
success 2021-2-10
success 2021-2-11
success 2021-2-12
success 2021-2-13
success 2021-2-14
success 2021-2-15
success 2021-2-16
success 2021-2-17
success 2021-2-18
success 2021-2-19
success 2021-2-20
success 2021-2-21
success 2021-2-22
success 2021-2-23
success 2021-2-24
success 2021-2-25
success 2021-2-26
success 2021-2-27
success 2021-2-28
error
error
error
success 2021-3-1
success 2021-3-2
success 2021-3-3
success 2021-3-4
success 2021-3-5
success 2021-3-6
success 2021-3-7
success 2021-3-8
success 2021-3-9
success 2021-3-10
success 2021-3-11
success 2021-3-12
success 2021-3-13
success 2021-3-14
success 2021-3-15
success 2021-3-16
success 2021-3-17
success 2021-3-18
success 2021-3-19
success 2021-3-20
success 2021-3-21
success 2021-3-22
success 2021-3-23
success 2021-3-24
success 2021-3-25
success 2021-3-26
success 2021-3-27
success 2021-3-28
success 2021-3-29
success 2021-3-30
success 2021-3-31
success 2021-4-1
success 2021-4-2
success 2021-4-3
success 2021-4-4
success 2021-4-5
success 2021-4-6
success 2021-4-7
success 2021-4-8
success 2021-4-9
success 2021-4-10
success 2021-4-11
success 2021-4-12
success 2021-4-13
success 2021-4-14
success 2021-4-15
success 2021-4-16
success 2021-4-17
success 2021-4-18
success 2021-4-19
success 2021-4-20
success 2021-4-21
success 2021-4-22
success 2021-4-23
success 2021-4-24
success 2021-4-25
success 2021-4-26
success 2021-4-27
success 2021-4-28
success 2021-4-29
success 2021-4-30
error
success 2021-5-1
success 2021-5-2
success 2021-5-3
success 2021-5-4
success 2021-5-5
success 2021-5-6
success 2021-5-7
success 2021-5-8
success 2021-5-9
success 2021-5-10
success 2021-5-11
success 2021-5-12
success 2021-5-13
success 2021-5-14
success 2021-5-15
success 2021-5-16
success 2021-5-17
success 2021-5-18
success 2021-5-19
success 2021-5-20
success 2021-5-21
success 2021-5-22
success 2021-5-23
success 2021-5-24
success 2021-5-25
success 2021-5-26
success 2021-5-27
success 2021-5-28
success 2021-5-29
success 2021-5-30
success 2021-5-31
success 2021-6-1
success 2021-6-2
success 2021-6-3
success 2021-6-4
success 2021-6-5
success 2021-6-6
success 2021-6-7
success 2021-6-8
success 2021-6-9
success 2021-6-10
success 2021-6-11
success 2021-6-12
success 2021-6-13
success 2021-6-14
success 2021-6-15
success 2021-6-16
success 2021-6-17
success 2021-6-18
success 2021-6-19
success 2021-6-20
success 2021-6-21
success 2021-6-22
success 2021-6-23
success 2021-6-24
success 2021-6-25
success 2021-6-26
success 2021-6-27
success 2021-6-28
success 2021-6-29
success 2021-6-30
error
success 2021-7-1
success 2021-7-2
success 2021-7-3
success 2021-7-4
success 2021-7-5
success 2021-7-6
success 2021-7-7
success 2021-7-8
success 2021-7-9
success 2021-7-10
success 2021-7-11
success 2021-7-12
success 2021-7-13
success 2021-7-14
success 2021-7-15
success 2021-7-16
success 2021-7-17
success 2021-7-18
success 2021-7-19
success 2021-7-20
success 2021-7-21
success 2021-7-22
success 2021-7-23
success 2021-7-24
success 2021-7-25
success 2021-7-26
success 2021-7-27
success 2021-7-28
success 2021-7-29
success 2021-7-30
success 2021-7-31
success 2021-8-1
success 2021-8-2
success 2021-8-3
success 2021-8-4
success 2021-8-5
success 2021-8-6
success 2021-8-7
success 2021-8-8
success 2021-8-9
success 2021-8-10
success 2021-8-11
success 2021-8-12
success 2021-8-13
success 2021-8-14
success 2021-8-15
success 2021-8-16
success 2021-8-17
success 2021-8-18
success 2021-8-19
success 2021-8-20
success 2021-8-21
success 2021-8-22
success 2021-8-23
success 2021-8-24
success 2021-8-25
success 2021-8-26
success 2021-8-27
success 2021-8-28
success 2021-8-29
success 2021-8-30
success 2021-8-31
success 2021-9-1
success 2021-9-2
success 2021-9-3
success 2021-9-4
success 2021-9-5
success 2021-9-6
success 2021-9-7
success 2021-9-8
success 2021-9-9
success 2021-9-10
success 2021-9-11
success 2021-9-12
success 2021-9-13
success 2021-9-14
success 2021-9-15
success 2021-9-16
success 2021-9-17
success 2021-9-18
success 2021-9-19
success 2021-9-20
success 2021-9-21
success 2021-9-22
success 2021-9-23
success 2021-9-24
success 2021-9-25
success 2021-9-26
success 2021-9-27
success 2021-9-28
success 2021-9-29
success 2021-9-30
error
success 2021-10-1
success 2021-10-2
success 2021-10-3
success 2021-10-4
success 2021-10-5
success 2021-10-6
success 2021-10-7
success 2021-10-8
success 2021-10-9
success 2021-10-10
success 2021-10-11
success 2021-10-12
success 2021-10-13
success 2021-10-14
success 2021-10-15
success 2021-10-16
success 2021-10-17
success 2021-10-18
success 2021-10-19
success 2021-10-20
success 2021-10-21
success 2021-10-22
success 2021-10-23
success 2021-10-24
success 2021-10-25
success 2021-10-26
success 2021-10-27
success 2021-10-28
success 2021-10-29
success 2021-10-30
success 2021-10-31
success 2021-11-1
success 2021-11-2
success 2021-11-3
success 2021-11-4
success 2021-11-5
success 2021-11-6
success 2021-11-7
success 2021-11-8
success 2021-11-9
success 2021-11-10
success 2021-11-11
success 2021-11-12
success 2021-11-13
success 2021-11-14
success 2021-11-15
success 2021-11-16
success 2021-11-17
success 2021-11-18
success 2021-11-19
success 2021-11-20
success 2021-11-21
success 2021-11-22
success 2021-11-23
success 2021-11-24
success 2021-11-25
success 2021-11-26
success 2021-11-27
success 2021-11-28
success 2021-11-29
success 2021-11-30
error
success 2021-12-1
success 2021-12-2
success 2021-12-3
success 2021-12-4
success 2021-12-5
success 2021-12-6
success 2021-12-7
success 2021-12-8
success 2021-12-9
success 2021-12-10
success 2021-12-11
success 2021-12-12
success 2021-12-13
success 2021-12-14
success 2021-12-15
success 2021-12-16
success 2021-12-17
success 2021-12-18
success 2021-12-19
success 2021-12-20
success 2021-12-21
success 2021-12-22
success 2021-12-23
success 2021-12-24
success 2021-12-25
success 2021-12-26
success 2021-12-27
success 2021-12-28
success 2021-12-29
success 2021-12-30
success 2021-12-31
success 2022-1-1
success 2022-1-2
success 2022-1-3
success 2022-1-4
success 2022-1-5
success 2022-1-6
success 2022-1-7
success 2022-1-8
success 2022-1-9
success 2022-1-10
success 2022-1-11
success 2022-1-12
success 2022-1-13
success 2022-1-14
success 2022-1-15
success 2022-1-16
success 2022-1-17
success 2022-1-18
success 2022-1-19
success 2022-1-20
success 2022-1-21
success 2022-1-22
success 2022-1-23
success 2022-1-24
success 2022-1-25
success 2022-1-26
success 2022-1-27
success 2022-1-28
success 2022-1-29
success 2022-1-30
success 2022-1-31
success 2022-2-1
success 2022-2-2
success 2022-2-3
success 2022-2-4
success 2022-2-5
success 2022-2-6
success 2022-2-7
success 2022-2-8
success 2022-2-9
success 2022-2-10
success 2022-2-11
success 2022-2-12
success 2022-2-13
success 2022-2-14
success 2022-2-15
success 2022-2-16
success 2022-2-17
success 2022-2-18
success 2022-2-19
success 2022-2-20
success 2022-2-21
success 2022-2-22
success 2022-2-23
success 2022-2-24
success 2022-2-25
success 2022-2-26
success 2022-2-27
success 2022-2-28
error
error
error
success 2022-3-1
success 2022-3-2
success 2022-3-3
success 2022-3-4
success 2022-3-5
success 2022-3-6
success 2022-3-7
success 2022-3-8

success 2021-5-14
success 2021-5-15
success 2021-5-16
success 2021-5-17
success 2021-5-18
success 2021-5-19
success 2021-5-20
success 2021-5-21
success 2021-5-22
success 2021-5-23
success 2021-5-24
success 2021-5-25
success 2021-5-26
success 2021-5-27
success 2021-5-28
success 2021-5-29
success 2021-5-30
success 2021-6-1
success 2021-6-2
success 2021-6-3
success 2021-6-4
success 2021-6-5
success 2021-6-6
success 2021-6-7
success 2021-6-8
success 2021-6-9
success 2021-6-10
success 2021-6-11
success 2021-6-12
success 2021-6-13
success 2021-6-14
success 2021-6-15
success 2021-6-16
success 2021-6-17
success 2021-6-18
success 2021-6-19
success 2021-6-20
success 2021-6-21
success 2021-6-22
success 2021-6-23
success 2021-6-24
success 2021-6-25
success 2021-6-26
success 2021-6-27
success 2021-6-28
success 2021-6-29
success 2021-6-30
success 2021-7-1
success 2021-7-2
success 2021-7-3
success 2021-7-4
success 2021-7-5
success 2021-7-6
success 2021-7-7
success 2021-7-8
success 2021-7-9
success 2021-7-10
success 2021-7-11
success 2021-7-12
success 2021-7-13
success 2021-7-14
success 2021-7-15
success 2021-7-16
success 2021-7-17
success 2021-7-18
success 2021-7-19
success 2021-7-20
success 2021-7-21
success 2021-7-22
success 2021-7-23
success 2021-7-24
success 2021-7-25
success 2021-7-26
success 2021-7-27
success 2021-7-28
success 2021-7-29
success 2021-7-30
success 2021-8-1
success 2021-8-2
success 2021-8-3
success 2021-8-4
success 2021-8-5
success 2021-8-6
success 2021-8-7
success 2021-8-8
success 2021-8-9
success 2021-8-10
success 2021-8-11
success 2021-8-12
success 2021-8-13
success 2021-8-14
success 2021-8-15
success 2021-8-16
success 2021-8-17
success 2021-8-18
success 2021-8-19
success 2021-8-20
success 2021-8-21
success 2021-8-22
success 2021-8-23
success 2021-8-24
success 2021-8-25
success 2021-8-26
success 2021-8-27
success 2021-8-28
success 2021-8-29
success 2021-8-30
success 2021-9-1
success 2021-9-2
success 2021-9-3
success 2021-9-4
success 2021-9-5
success 2021-9-6
success 2021-9-7
success 2021-9-8
success 2021-9-9
success 2021-9-10
success 2021-9-11
success 2021-9-12
success 2021-9-13
success 2021-9-14
success 2021-9-15
success 2021-9-16
success 2021-9-17
success 2021-9-18
success 2021-9-19
success 2021-9-20
success 2021-9-21
success 2021-9-22
success 2021-9-23
success 2021-9-24
success 2021-9-25
success 2021-9-26
success 2021-9-27
success 2021-9-28
success 2021-9-29
success 2021-9-30
success 2021-10-1
success 2021-10-2
success 2021-10-3
success 2021-10-4
success 2021-10-5
success 2021-10-6
success 2021-10-7
success 2021-10-8
success 2021-10-9
success 2021-10-10
success 2021-10-11
success 2021-10-12
success 2021-10-13
success 2021-10-14
success 2021-10-15
success 2021-10-16
success 2021-10-17
success 2021-10-18
success 2021-10-19
success 2021-10-20
success 2021-10-21
success 2021-10-22
success 2021-10-23
success 2021-10-24
success 2021-10-25
success 2021-10-26
success 2021-10-27
success 2021-10-28
success 2021-10-29
success 2021-10-30
success 2021-11-1
success 2021-11-2
success 2021-11-3
success 2021-11-4
success 2021-11-5
success 2021-11-6
success 2021-11-7
success 2021-11-8
success 2021-11-9
success 2021-11-10
success 2021-11-11
success 2021-11-12
success 2021-11-13
success 2021-11-14
success 2021-11-15
success 2021-11-16
success 2021-11-17
success 2021-11-18
success 2021-11-19
success 2021-11-20
success 2021-11-21
success 2021-11-22
success 2021-11-23
success 2021-11-24
success 2021-11-25
success 2021-11-26
success 2021-11-27
success 2021-11-28
success 2021-11-29
success 2021-11-30
success 2022-1-1
success 2022-1-2
success 2022-1-3
success 2022-1-4
success 2022-1-5
success 2022-1-6
success 2022-1-7
success 2022-1-8
success 2022-1-9
success 2022-1-10
success 2022-1-11
success 2022-1-12
success 2022-1-13
success 2022-1-14
success 2022-1-15
success 2022-1-16
success 2022-1-17
success 2022-1-18
success 2022-1-19
success 2022-1-20
success 2022-1-21
success 2022-1-22
success 2022-1-23
success 2022-1-24
success 2022-1-25
success 2022-1-26
success 2022-1-27
success 2022-1-28
success 2022-1-29
success 2022-1-30
success 2022-2-1
success 2022-2-2
success 2022-2-3
success 2022-2-4
success 2022-2-5
success 2022-2-6
success 2022-2-7
success 2022-2-8
success 2022-2-9
success 2022-2-10
success 2022-2-11
success 2022-2-12
success 2022-2-13
success 2022-2-14
success 2022-2-15
success 2022-2-16
success 2022-2-17
success 2022-2-18
success 2022-2-19
success 2022-2-20
success 2022-2-21
success 2022-2-22
success 2022-2-23
success 2022-2-24
success 2022-2-25
success 2022-2-26
success 2022-2-27
success 2022-2-28
error
error
success 2022-3-1
success 2022-3-2
success 2022-3-3
success 2022-3-4
success 2022-3-5
success 2022-3-6
success 2022-3-7
success 2022-3-8
There are no data for 2022-03-09
error
There are no data for 2022-03-10
error
There are no data for 2022-03-11
error
There are no data for 2022-03-12
error
There are no data for 2022-03-13
error
There are no data for 2022-03-14
error
There are no data for 2022-03-15
error
There are no data for 2022-03-16
error
There are no data for 2022-03-17
error
There are no data for 2022-03-18
error
There are no data for 2022-03-19
error
There are no data for 2022-03-20
error
There are no data for 2022-03-21
error
There are no data for 2022-03-22
error
There are no data for 2022-03-23
error
There are no data for 2022-03-24
error
There are no data for 2022-03-25
error
There are no data for 2022-03-26
error
There are no data for 2022-03-27
error
There are no data for 2022-03-28
error
There are no data for 2022-03-29
error
There are no data for 2022-03-30
error
There are no data for 2022-04-01
error
There are no data for 2022-04-02
error
There are no data for 2022-04-03
error
There are no data for 2022-04-04
error
There are no data for 2022-04-05
error
There are no data for 2022-04-06
error
There are no data for 2022-04-07
error
There are no data for 2022-04-08
error
There are no data for 2022-04-09
error
There are no data for 2022-04-10
error
There are no data for 2022-04-11
error
There are no data for 2022-04-12
error
There are no data for 2022-04-13
error
There are no data for 2022-04-14
error
There are no data for 2022-04-15
error
There are no data for 2022-04-16
error
There are no data for 2022-04-17
error
There are no data for 2022-04-18
error
There are no data for 2022-04-19
error
There are no data for 2022-04-20
error
There are no data for 2022-04-21
error
There are no data for 2022-04-22
error
There are no data for 2022-04-23
error
There are no data for 2022-04-24
error
There are no data for 2022-04-25
error
There are no data for 2022-04-26
error
There are no data for 2022-04-27
error
There are no data for 2022-04-28
error
There are no data for 2022-04-29
error
There are no data for 2022-04-30
error
There are no data for 2022-05-01
error
There are no data for 2022-05-02
error
There are no data for 2022-05-03
error
There are no data for 2022-05-04
error
There are no data for 2022-05-05
error
There are no data for 2022-05-06
error
There are no data for 2022-05-07
error
There are no data for 2022-05-08
error
There are no data for 2022-05-09
error
There are no data for 2022-05-10
error
There are no data for 2022-05-11
error
There are no data for 2022-05-12
error
There are no data for 2022-05-13
error
There are no data for 2022-05-14
error
There are no data for 2022-05-15
error
There are no data for 2022-05-16
error
There are no data for 2022-05-17
error
There are no data for 2022-05-18
error
There are no data for 2022-05-19
error
There are no data for 2022-05-20
error
There are no data for 2022-05-21
error
There are no data for 2022-05-22
error
There are no data for 2022-05-23
error
There are no data for 2022-05-24
error
There are no data for 2022-05-25
error
There are no data for 2022-05-26
error
There are no data for 2022-05-27
error
There are no data for 2022-05-28
error
There are no data for 2022-05-29
error
There are no data for 2022-05-30
error
There are no data for 2022-06-01
error
There are no data for 2022-06-02
error
There are no data for 2022-06-03
error
There are no data for 2022-06-04
error
There are no data for 2022-06-05
error
There are no data for 2022-06-06
error
There are no data for 2022-06-07
errorThere are no data for 2022-03-09
error
There are no data for 2022-03-10
error
There are no data for 2022-03-11
error
There are no data for 2022-03-12
error
There are no data for 2022-03-13
error
There are no data for 2022-03-14
error
There are no data for 2022-03-15
error
There are no data for 2022-03-16
error
There are no data for 2022-03-17
error
There are no data for 2022-03-18
error
There are no data for 2022-03-19
error
There are no data for 2022-03-20
error
There are no data for 2022-03-21
error
There are no data for 2022-03-22
error
There are no data for 2022-03-23
error
There are no data for 2022-03-24
error
There are no data for 2022-03-25
error
There are no data for 2022-03-26
error
There are no data for 2022-03-27
error
There are no data for 2022-03-28
error
There are no data for 2022-03-29
error
There are no data for 2022-03-30
error
There are no data for 2022-03-31
error
There are no data for 2022-04-01
error
There are no data for 2022-04-02
error
There are no data for 2022-04-03
error
There are no data for 2022-04-04
error
There are no data for 2022-04-05
error
There are no data for 2022-04-06
error
There are no data for 2022-04-07
error
There are no data for 2022-04-08
error
There are no data for 2022-04-09
error
There are no data for 2022-04-10
error
There are no data for 2022-04-11
error
There are no data for 2022-04-12
error
There are no data for 2022-04-13
error
There are no data for 2022-04-14
error
There are no data for 2022-04-15
error
There are no data for 2022-04-16
error
There are no data for 2022-04-17
error
There are no data for 2022-04-18
error
There are no data for 2022-04-19
error
There are no data for 2022-04-20
error
There are no data for 2022-04-21
error
There are no data for 2022-04-22
error
There are no data for 2022-04-23
error
There are no data for 2022-04-24
error
There are no data for 2022-04-25
error
There are no data for 2022-04-26
error
There are no data for 2022-04-27
error
There are no data for 2022-04-28
error
There are no data for 2022-04-29
error
There are no data for 2022-04-30
error
error
There are no data for 2022-05-01
error
There are no data for 2022-05-02
error
There are no data for 2022-05-03
error
There are no data for 2022-05-04
error
There are no data for 2022-05-05
error
There are no data for 2022-05-06
error
There are no data for 2022-05-07
error
There are no data for 2022-05-08
error
There are no data for 2022-05-09
error
There are no data for 2022-05-10
error
There are no data for 2022-05-11
error
There are no data for 2022-05-12
error
There are no data for 2022-05-13
error
There are no data for 2022-05-14
error
There are no data for 2022-05-15
error
There are no data for 2022-05-16
error
There are no data for 2022-05-17
error
There are no data for 2022-05-18
error
There are no data for 2022-05-19
error
There are no data for 2022-05-20
error
There are no data for 2022-05-21
error
There are no data for 2022-05-22
error
There are no data for 2022-05-23
error
There are no data for 2022-05-24
error
There are no data for 2022-05-25
error
There are no data for 2022-05-26
error
There are no data for 2022-05-27
error
There are no data for 2022-05-28
error
There are no data for 2022-05-29
error
There are no data for 2022-05-30
error
There are no data for 2022-05-31
error
There are no data for 2022-06-01
error
There are no data for 2022-06-02
error
There are no data for 2022-06-03
error
There are no data for 2022-06-04
error
There are no data for 2022-06-05
error
There are no data for 2022-06-06
error
There are no data for 2022-06-07
error
There are no data for 2022-06-08
error
There are no data for 2022-06-09
error
There are no data for 2022-06-10
error
There are no data for 2022-06-11
error
There are no data for 2022-06-12
error
There are no data for 2022-06-13
error
There are no data for 2022-06-14
error
There are no data for 2022-06-15
error
There are no data for 2022-06-16
error
There are no data for 2022-06-17
error
There are no data for 2022-06-18
error
There are no data for 2022-06-19
error
There are no data for 2022-06-20
error
There are no data for 2022-06-21
error
There are no data for 2022-06-22
error
There are no data for 2022-06-23
error
There are no data for 2022-06-24
error
There are no data for 2022-06-25
error
There are no data for 2022-06-26
error
There are no data for 2022-06-27
error
There are no data for 2022-06-28
error
There are no data for 2022-06-29
error
There are no data for 2022-06-30
error
error
There are no data for 2022-07-01
error
There are no data for 2022-07-02
error
There are no data for 2022-07-03
error
There are no data for 2022-07-04
error
There are no data for 2022-07-05
error
There are no data for 2022-07-06
error
There are no data for 2022-07-07
error
There are no data for 2022-07-08
error
There are no data for 2022-07-09
error
There are no data for 2022-07-10
error
There are no data for 2022-07-11
error
There are no data for 2022-07-12
error
There are no data for 2022-07-13
error
There are no data for 2022-07-14
error
There are no data for 2022-07-15
error
There are no data for 2022-07-16
error
There are no data for 2022-07-17
error
There are no data for 2022-07-18
error
There are no data for 2022-07-19
error
There are no data for 2022-07-20
error
There are no data for 2022-07-21
error
There are no data for 2022-07-22
error
There are no data for 2022-07-23
error
There are no data for 2022-07-24
error
There are no data for 2022-07-25
error
There are no data for 2022-07-26
error
There are no data for 2022-07-27
error
There are no data for 2022-07-28
error
There are no data for 2022-07-29
error
There are no data for 2022-07-30
error
There are no data for 2022-07-31
error
There are no data for 2022-08-01
error
There are no data for 2022-08-02
error
There are no data for 2022-08-03
error
There are no data for 2022-08-04
error
There are no data for 2022-08-05
error
There are no data for 2022-08-06
error
There are no data for 2022-08-07
error
There are no data for 2022-08-08
error
There are no data for 2022-08-09
error
There are no data for 2022-08-10
error
There are no data for 2022-08-11
error
There are no data for 2022-08-12
error
There are no data for 2022-08-13
error
There are no data for 2022-08-14
error
There are no data for 2022-08-15
error
There are no data for 2022-08-16
error
There are no data for 2022-08-17
error
There are no data for 2022-08-18
error
There are no data for 2022-08-19
error
There are no data for 2022-08-20
error
There are no data for 2022-08-21
error
There are no data for 2022-08-22
error
There are no data for 2022-08-23
error
There are no data for 2022-08-24
error

There are no data for 2022-06-08
error
There are no data for 2022-06-09
error
There are no data for 2022-06-10
error
There are no data for 2022-06-11
error
There are no data for 2022-06-12
error
There are no data for 2022-06-13
error
There are no data for 2022-06-14
error
There are no data for 2022-06-15
error
There are no data for 2022-06-16
error
There are no data for 2022-06-17
error
There are no data for 2022-06-18
error
There are no data for 2022-06-19
error
There are no data for 2022-06-20
error
There are no data for 2022-06-21
error
There are no data for 2022-06-22
error
There are no data for 2022-06-23
error
There are no data for 2022-06-24
error
There are no data for 2022-06-25
error
There are no data for 2022-06-26
error
There are no data for 2022-06-27
error
There are no data for 2022-06-28
error
There are no data for 2022-06-29
error
There are no data for 2022-06-30
error
There are no data for 2022-07-01
error
There are no data for 2022-07-02
error
There are no data for 2022-07-03
error
There are no data for 2022-07-04
error
There are no data for 2022-07-05
error
There are no data for 2022-07-06
error
There are no data for 2022-07-07
error
There are no data for 2022-07-08
error
There are no data for 2022-07-09
error
There are no data for 2022-07-10
error
There are no data for 2022-07-11
error
There are no data for 2022-07-12
error
There are no data for 2022-07-13
error
There are no data for 2022-07-14
error
There are no data for 2022-07-15
error
There are no data for 2022-07-16
error
There are no data for 2022-07-17
error
There are no data for 2022-07-18
error
There are no data for 2022-07-19
error
There are no data for 2022-07-20
error
There are no data for 2022-07-21
error
There are no data for 2022-07-22
error
There are no data for 2022-07-23
error
There are no data for 2022-07-24
error
There are no data for 2022-07-25
error
There are no data for 2022-07-26
error
There are no data for 2022-07-27
error
There are no data for 2022-07-28
error
There are no data for 2022-07-29
error
There are no data for 2022-07-30
error
There are no data for 2022-08-01
error
There are no data for 2022-08-02
error
There are no data for 2022-08-03
error
There are no data for 2022-08-04
error
There are no data for 2022-08-05
error
There are no data for 2022-08-06
error
There are no data for 2022-08-07
error
There are no data for 2022-08-08
error
There are no data for 2022-08-09
error
There are no data for 2022-08-10
error
There are no data for 2022-08-11
error
There are no data for 2022-08-12
error
There are no data for 2022-08-13
error
There are no data for 2022-08-14
error
There are no data for 2022-08-15
error
There are no data for 2022-08-16
error
There are no data for 2022-08-17
error
There are no data for 2022-08-18
error
There are no data for 2022-08-19
error
There are no data for 2022-08-20
error
There are no data for 2022-08-21
error
There are no data for 2022-08-22
error
There are no data for 2022-08-23
error
There are no data for 2022-08-24
error
There are no data for 2022-08-25
error
There are no data for 2022-08-26
error
There are no data for 2022-08-27
error
There are no data for 2022-08-28
error
There are no data for 2022-08-29
error
There are no data for 2022-08-30
error
There are no data for 2022-09-01
error
There are no data for 2022-09-02
error
There are no data for 2022-09-03
error
There are no data for 2022-09-04
error
There are no data for 2022-09-05
error
There are no data for 2022-09-06
error
There are no data for 2022-09-07
error
There are no data for 2022-09-08
error
There are no data for 2022-09-09
error
There are no data for 2022-09-10
error
There are no data for 2022-09-11
error
There are no data for 2022-09-12
error
There are no data for 2022-09-13
error
There are no data for 2022-09-14
error
There are no data for 2022-09-15
error
There are no data for 2022-09-16
error
There are no data for 2022-09-17
error
There are no data for 2022-09-18
error
There are no data for 2022-09-19
error
There are no data for 2022-09-20
error
There are no data for 2022-09-21
error
There are no data for 2022-09-22
error
There are no data for 2022-09-23
error
There are no data for 2022-09-24
error
There are no data for 2022-09-25
error
There are no data for 2022-09-26
error
There are no data for 2022-09-27
error
There are no data for 2022-09-28
error
There are no data for 2022-09-29
error
There are no data for 2022-09-30
error
There are no data for 2022-10-01
error
There are no data for 2022-10-02
error
There are no data for 2022-10-03
error
There are no data for 2022-10-04
error
There are no data for 2022-10-05
error
There are no data for 2022-10-06
error
There are no data for 2022-10-07
error
There are no data for 2022-10-08
error
There are no data for 2022-10-09
error
There are no data for 2022-10-10
error
There are no data for 2022-10-11
error
There are no data for 2022-10-12
error
There are no data for 2022-10-13
error
There are no data for 2022-10-14
error
There are no data for 2022-10-15
error
There are no data for 2022-10-16
error
There are no data for 2022-10-17
error
There are no data for 2022-10-18
error
There are no data for 2022-10-19
error
There are no data for 2022-10-20
error
There are no data for 2022-10-21
error
There are no data for 2022-10-22
error
There are no data for 2022-10-23
error
There are no data for 2022-10-24
error
There are no data for 2022-10-25
error
There are no data for 2022-10-26
error
There are no data for 2022-10-27
error
There are no data for 2022-10-28
error
There are no data for 2022-10-29
error
There are no data for 2022-10-30
error
There are no data for 2022-11-01
error
There are no data for 2022-11-02
error
There are no data for 2022-11-03
error
There are no data for 2022-11-04
error
There are no data for 2022-11-05
error
There are no data for 2022-11-06
error
There are no data for 2022-11-07
error
There are no data for 2022-11-08
error
There are no data for 2022-11-09
error
There are no data for 2022-11-10
error
There are no data for 2022-11-11
error
There are no data for 2022-11-12
error
There are no data for 2022-11-13
error
There are no data for 2022-11-14
error
There are no data for 2022-11-15
error
There are no data for 2022-11-16
error
There are no data for 2022-11-17
error
There are no data for 2022-11-18
error
There are no data for 2022-11-19
error
There are no data for 2022-11-20
error
There are no data for 2022-11-21
error
There are no data for 2022-11-22
error
There are no data for 2022-11-23
error
There are no data for 2022-11-24
error
There are no data for 2022-11-25
error
There are no data for 2022-11-26
error
There are no data for 2022-11-27
error
There are no data for 2022-11-28
error
There are no data for 2022-11-29
error
There are no data for 2022-11-30
error
There are no data for 2022-08-25
error
There are no data for 2022-08-26
error
There are no data for 2022-08-27
error
There are no data for 2022-08-28
error
There are no data for 2022-08-29
error
There are no data for 2022-08-30
error
There are no data for 2022-08-31
error
There are no data for 2022-09-01
error
There are no data for 2022-09-02
error
There are no data for 2022-09-03
error
There are no data for 2022-09-04
error
There are no data for 2022-09-05
error
There are no data for 2022-09-06
error
There are no data for 2022-09-07
error
There are no data for 2022-09-08
error
There are no data for 2022-09-09
error
There are no data for 2022-09-10
error
There are no data for 2022-09-11
error
There are no data for 2022-09-12
error
There are no data for 2022-09-13
error
There are no data for 2022-09-14
error
There are no data for 2022-09-15
error
There are no data for 2022-09-16
error
There are no data for 2022-09-17
error
There are no data for 2022-09-18
error
There are no data for 2022-09-19
error
There are no data for 2022-09-20
error
There are no data for 2022-09-21
error
There are no data for 2022-09-22
error
There are no data for 2022-09-23
error
There are no data for 2022-09-24
error
There are no data for 2022-09-25
error
There are no data for 2022-09-26
error
There are no data for 2022-09-27
error
There are no data for 2022-09-28
error
There are no data for 2022-09-29
error
There are no data for 2022-09-30
error
error
There are no data for 2022-10-01
error
There are no data for 2022-10-02
error
There are no data for 2022-10-03
error
There are no data for 2022-10-04
error
There are no data for 2022-10-05
error
There are no data for 2022-10-06
error
There are no data for 2022-10-07
error
There are no data for 2022-10-08
error
There are no data for 2022-10-09
error
There are no data for 2022-10-10
error
There are no data for 2022-10-11
error
There are no data for 2022-10-12
error
There are no data for 2022-10-13
error
There are no data for 2022-10-14
error
There are no data for 2022-10-15
error
There are no data for 2022-10-16
error
There are no data for 2022-10-17
error
There are no data for 2022-10-18
error
There are no data for 2022-10-19
error
There are no data for 2022-10-20
error
There are no data for 2022-10-21
error
There are no data for 2022-10-22
error
There are no data for 2022-10-23
error
There are no data for 2022-10-24
error
There are no data for 2022-10-25
error
There are no data for 2022-10-26
error
There are no data for 2022-10-27
error
There are no data for 2022-10-28
error
There are no data for 2022-10-29
error
There are no data for 2022-10-30
error
There are no data for 2022-10-31
error
There are no data for 2022-11-01
error
There are no data for 2022-11-02
error
There are no data for 2022-11-03
error
There are no data for 2022-11-04
error
There are no data for 2022-11-05
error
There are no data for 2022-11-06
error
There are no data for 2022-11-07
error
There are no data for 2022-11-08
error
There are no data for 2022-11-09
error
There are no data for 2022-11-10
error
There are no data for 2022-11-11
error
There are no data for 2022-11-12
error
There are no data for 2022-11-13
error
There are no data for 2022-11-14
error
There are no data for 2022-11-15
error
There are no data for 2022-11-16
error
There are no data for 2022-11-17
error
There are no data for 2022-11-18
error
There are no data for 2022-11-19
error
There are no data for 2022-11-20
error
There are no data for 2022-11-21
error
There are no data for 2022-11-22
error
There are no data for 2022-11-23
error
There are no data for 2022-11-24
error
There are no data for 2022-11-25
error
There are no data for 2022-11-26
error
There are no data for 2022-11-27
error
There are no data for 2022-11-28
error
There are no data for 2022-11-29
error
There are no data for 2022-11-30
error
error
There are no data for 2022-12-01
error
There are no data for 2022-12-02
error
There are no data for 2022-12-03
error
There are no data for 2022-12-04
error
There are no data for 2022-12-05
error
There are no data for 2022-12-06
error
There are no data for 2022-12-07
error
There are no data for 2022-12-08
error
There are no data for 2022-12-09
error
There are no data for 2022-12-10
error
There are no data for 2022-12-11
error
There are no data for 2022-12-12
error
There are no data for 2022-12-13
error
There are no data for 2022-12-14
error
There are no data for 2022-12-15
error
There are no data for 2022-12-16
error
There are no data for 2022-12-17
error
There are no data for 2022-12-18
error
There are no data for 2022-12-19
error
There are no data for 2022-12-20
error
There are no data for 2022-12-21
error
There are no data for 2022-12-22
error
There are no data for 2022-12-23
error
There are no data for 2022-12-24
error
There are no data for 2022-12-25
error
There are no data for 2022-12-26
error
There are no data for 2022-12-27
error
There are no data for 2022-12-28
error
There are no data for 2022-12-29
error
There are no data for 2022-12-30
error
There are no data for 2022-12-31
error
